<?xml version="1.0" encoding="UTF-8"?>
<testng-results ignored="0" total="1" passed="1" failed="0" skipped="0">
  <reporter-output>
  </reporter-output>
  <suite started-at="2022-03-05T12:03:41 IST" name="Default suite" finished-at="2022-03-05T12:03:50 IST" duration-ms="9105">
    <groups>
    </groups>
    <test started-at="2022-03-05T12:03:41 IST" name="Default test" finished-at="2022-03-05T12:03:50 IST" duration-ms="9105">
      <class name="Github_Project.Govardhan.allTest">
        <test-method signature="Test1()[pri:0, instance:Github_Project.Govardhan.allTest@5fe94a96]" started-at="2022-03-05T12:03:41 IST" name="Test1" finished-at="2022-03-05T12:03:50 IST" duration-ms="9046" status="PASS">
          <reporter-output>
          </reporter-output>
        </test-method> <!-- Test1 -->
      </class> <!-- Github_Project.Govardhan.allTest -->
    </test> <!-- Default test -->
  </suite> <!-- Default suite -->
</testng-results>
